Active-HDL 15.0.261.9132 2024-12-07 15:27:20

Elaboration top modules:
Architecture                  tb(tb)


---------------------------------------------------------------------------------------------------------
Entity               | Architecture | Library   | Info | Compiler Version          | Compilation Options
---------------------------------------------------------------------------------------------------------
tb                   | tb           | automattm |      | 15.0.261.9132 (Windows64) | -O3
vending_machine_real | Behavioral   | automattm |      | 15.0.261.9132 (Windows64) | -O3
pfand                | Behavioral   | automattm |      | 15.0.261.9132 (Windows64) | -O3
payment              | Behavioral   | automattm |      | 15.0.261.9132 (Windows64) | -O3
M_Data               | M_Data       | automattm |      | 15.0.261.9132 (Windows64) | -O3
Displa               | Displey      | automattm |      | 15.0.261.9132 (Windows64) | -O3
---------------------------------------------------------------------------------------------------------

---------------------------------------------------------------------------------------------------------
VHDL Package                        | Library   | Info | Compiler Version          | Compilation Options
---------------------------------------------------------------------------------------------------------
standard                            | std       |      |                           | <unavailable>
TEXTIO                              | std       |      | 15.0.261.9132 (Windows64) |  -2019
std_logic_1164                      | ieee      |      | 15.0.261.9132 (Windows64) |  -2008
NUMERIC_STD                         | ieee      |      | 15.0.261.9132 (Windows64) |  -2008
std_logic_arith                     | ieee      |      | 15.0.261.9132 (Windows64) | <unavailable>
STD_LOGIC_UNSIGNED                  | ieee      |      | 15.0.261.9132 (Windows64) | <unavailable>
---------------------------------------------------------------------------------------------------------

---------------------------------------------------------------------------------------------------------
Library                             | Comment
---------------------------------------------------------------------------------------------------------
automattm                           | None
ieee                                | Standard IEEE packages library
std                                 | Standard VHDL library
---------------------------------------------------------------------------------------------------------
